<orchestra> Duke: op me plz:
<orchestra> :P
<Wyzeman> gang de braillard
<orchestra> Wyzeman: té qui toé?
<orchestra> le pere nowel?
<Wyzeman> orchestra la question devrais etre
<Wyzeman> t qui toi
<orchestra> debord : Wyzeman: t qui toi
<Wyzeman> hum
<Wyzeman> ta rien compris
<Wyzeman> jcrois pas davoir besoin de me presenter
<Wyzeman> sauf que toi t un no name
<orchestra> hummm..
<orchestra> té po membre toé icite ?
<Wyzeman> non , et je voudrais pas letre pour tout l'or du monde
<orchestra> wow !@#$
<orchestra> Wyzeman: tu m'imprésionne !@#$ té tu hacker au moin %
<Wyzeman> orchestra, ceux qui se vante detre des hacker le son generalement pas
*** Derter has quit IRC (L'année prochaine les Tiger Cats auront pas de chance contre Les Alouettes)
<orchestra> Wyzeman: j'te demande pas de t'venter pis j'me vente pas :P té tu hacker ?
<Wyzeman> jcrois pas quon puisse se dire hacker
<orchestra> tk
* |3urtKILL cherche un gars vers ki jpourrait linker mes EggZ... please contactez moi par E-mail: psykoqc@hotmail.com par ICQ: 17760361 ou laissez moi un msg ici même ... je vous répondrai le plus rapidement possible ;o)))
<Wyzeman> tu es un hacker kan la communauter te considere en tant que telle
<orchestra> Wyzeman: hehehe ben tsé icite d'habitude ceux qui vienne cé dé Programeur ceux qui font des E-zines pis des hackers
<orchestra> =)
<Wyzeman> orchestra pourtant
<Wyzeman> jen vois pas une de la gang
<Wyzeman> qui va bien avec ta description
<|UnKn0wN|> lollllll
<orchestra> ok!
<orchestra> kesser tu fa icite debord ?
<Wyzeman> iga.fox.qc.ca si tu veux savoir qui je suis
<Wyzeman> orchestra jvien voir le jour ou y va avoir quelquun qui represente ce que ta decris du chan qui va rentrer ici
<orchestra> huummmm..
<orchestra> va voir www.qharulez.com pour savoir chu qui =) va dans la section membre
<Wyzeman> orchestra justement ca mimpressionne ba bcoup
<Sonics> pkoi tu pense que iga sa minpressione?
<Wyzeman> qha = ezine riper de A a Z,
<Wyzeman> Sonics surement plus que QHA
<Sonics> hm non
<Wyzeman> normal
<Sonics> c caller etre dans une guild
<Wyzeman> t dans QHA 
<Sonics> moi chu la dedans juste pcque chu tanner de efnet
<Sonics> c trop plate quand ya un op bog
<Wyzeman> belle raison
<orchestra> Wyzeman: scuse les IGA sont po admis icite (ben a sque je sache)
<Sonics> pis jtai tanner
<Wyzeman> orchestra ha
<Wyzeman> c supposer me deranger ?
<Sonics> Sonics sets mode: +o Sonics
*** LeaderOne has joined #qha
<Sonics> Wyzeman sets mode: +o Sonics
<Sonics> ...
<Sonics> sa arrive tjrs
<LeaderOne> bonsoir
<Sonics> c koi la différance entre qha pis iga pis toute
<Sonics> rien
<LeaderOne> bein
<LeaderOne> les lettres
<Sonics> spo a coze que t igfa que le monde va avoir peur de toi
<LeaderOne> les gens
<LeaderOne> les e-zines
<LeaderOne> ...
<Sonics> les ezine
<Sonics> voyon
<Sonics> c toute copier
<Sonics> personne a inventé kkchose
<Sonics> c toute des chose déja vue
<Sonics> les gens on sen fou si t po capable de faire kkchose tu seul c que t mauvais
<Wyzeman> ta dejas vu comment hacker interac ailleur que dans IGA ?
<LeaderOne> pff
<Sonics> ouaip
<Sonics> sur efnet
<Sonics> pis relic
<LeaderOne> suis pas d'accord avec toi la Sonic
<Wyzeman> Sonics spa a cause t dans QHA que le monde von avoir peur de toi
<Sonics> relic tu connais surement po sa..
<Sonics> g tu dit sa?
<Sonics> c toi ki dit que vs etes meilleur
<|3urtKILL> oui
<Sonics> moi jle dit a personne
<Sonics> chu dedans .
<LeaderOne> qui toi ?
<orchestra> Wyzeman: cé pas pcq vous travailler au IGA quon va chier dans nos tite culotte
<Sonics> spo pour etre freak pis avoir laire kool comme toi
<Wyzeman> orchestra jai jamais dit ca,
<orchestra> \Wyzeman: Sonics spa a cause t dans QHA que le monde von avoir peur de toi
<Wyzeman> mais moi jdemande pas a tout le monde sil sont des hacker
<Wyzeman> pour me faire des ami
<Wyzeman> et kan jai pu rien a dire
<Wyzeman> je cute paste pas 
<Wyzeman> ce que les autre on dit
<Sonics> mé tu le demande a certain
<Sonics> tés
<Sonics> pis oublie sa
<Sonics> kid kiddies
<orchestra> Wyzeman: Sonics spa a cause t dans QHA que le monde von avoir peur de toi
<LeaderOne> clapclapclap
<LeaderOne> bien dit
<Wyzeman> jcrois pas avoir demander a personne sil etais un hacker 
<Sonics> ta dit jdemande apas a tout le monde
<orchestra> s'po notre faute si on veu l'icq de kkun
<orchestra> è
<Sonics> .
<Wyzeman> hum
<orchestra> calisse d'imbécile
<Wyzeman> taime ca jouer sur les mot
<orchestra> tk
<orchestra> alp tlm
<orchestra> Sonics : alp
<Sonics> ?
<Sonics> alp
<orchestra> :P
<orchestra> alp = a la prochaine
<orchestra> :)
<orchestra> =(
<orchestra> :P
<Sonics> jel c
*** orchestra has quit IRC (Leaving)
<Sonics> mé jaime pocette expression la
<LeaderOne> t'es sur ? ;)