~04:01~ *** Joins: PrEs_Wh0 (~hahahahah@ts1-019.oricom.ca)
~04:01~ <PrEs_Wh0> hey!!!!
~04:02~ <PrEs_Wh0> ca va les mecs^
~04:02~ <PrEs_Wh0> WYZE!!!!!!!!!!!!!!!!!!!!!
~04:02~ <PrEs_Wh0> hey
~04:02~ <Wyzeman> tu verais que ma dependance social est pas vraiment forte
~04:02~ <Wyzeman> puisque je me fou generalement de tout
~04:02~ <Wyzeman> PrEs_Wh0 oui ?
~04:02~ <PrEs_Wh0> cest quoi la string cgi pour recuperer order.txt?? dans quel mag 
                   sa parle de ca? merci
~04:03~ <Wyzeman> PrEs_Wh0 va voir larticle de putois sur les cgi dasn pyro 7 ou __2 
                  i fait p-e allusion dans iga 10
~04:03~ <PrEs_Wh0> jai regarder
~04:03~ <PrEs_Wh0> dans le #10
~04:03~ <PrEs_Wh0> et il donne pas la string
~04:03~ <PrEs_Wh0> stp
~04:04~ <PrEs_Wh0> tu dois la savoir toi
~04:04~ <PrEs_Wh0> STP
~04:04~ <PrEs_Wh0> CEST IMPORTANT
~04:04~ <Wyzeman> PrEs_Wh0 va voir dans pyro 7
~04:04~ <Wyzeman> pupu a lister tout les cgi qui a pu trouver
~04:05~ <PrEs_Wh0> ok
~04:05~ <mayhem> wyzeman
~04:05~ <mayhem> pour clore la conversation
~04:05~ <mayhem> sache que
~04:06~ <mayhem> certaine personne sont incomparables dans letat actuelle en ce qui 
                 concerne
~04:06~ <mayhem> la programation
~04:06~ <mayhem> cest le cas de moi et de __2
~04:06~ <mayhem> car que tu le veuille ou non
~04:06~ <PrEs_Wh0> ou je prend pyrofreak^
~04:06~ <mayhem> je mestime infiniment plus fort que lui
~04:07~ <Wyzeman> mayhem jai rien contre le fait que tu testime infiniment plsu fort 
                  que lui
~04:07~ <Wyzeman> tu les p-e
~04:07~ <PrEs_Wh0> mayhem
~04:07~ <Wyzeman> je peu pas dire
~04:07~ <Wyzeman> je tais jamais vu programmer
~04:07~ <PrEs_Wh0> je suis daccord.... __2 est vraiment pas bon
~04:07~ <Wyzeman> et jai jamasi parler de programmation avec toi
~04:07~ <PrEs_Wh0> cest une merde
~04:07~ <PrEs_Wh0> il se croit bon
~04:07~ <PrEs_Wh0> mais il les pas
~04:07~ <PrEs_Wh0> jai hacker newstimes moi....pis un satellite de fox
~04:07~ <mayhem> ce nest pas une merde, mais on ne peut pas dire quil est bon
~04:08~ <mayhem> Pres_who
~04:08~ <mayhem> je peux te poser une seule question
~04:08~ <Wyzeman> PrEs_Wh0 c fou mais a lire t article dans 912 on dirait pas
~04:08~ <PrEs_Wh0> c pas parce que je suis un des meyeur hacker du canada quil 
                   faut chier sur le monde qui sont pas bon
~04:08~ <mayhem> je peux te poser une seule question
~04:09~ <mayhem> juste une seule
~04:09~ <PrEs_Wh0> moi^
~04:09~ <mayhem> ilfaut bien que je te teste pour savoir si tu dis vrai
~04:09~ <mayhem> oui toi
~04:09~ <PrEs_Wh0> jai rien a prouver
~04:09~ <mayhem> je ten donne une facile
~04:09~ <PrEs_Wh0> jai fait mes preuves
~04:10~ <mayhem> quand on setale on doit prouver aux autres quon ets bon
~04:10~ <mayhem> si tu es si bon pourquoi as tu peur de repondre a une quetsion 
                 gentillette
~04:10~ <mayhem> je te dis je te pose un truc simple
~04:10~ <mayhem> ters simple
~04:10~ <PrEs_Wh0> vas y
~04:11~ <mayhem> quel doit etre la premiere instruction dun shellcode, et pourquoi
~04:11~ <PrEs_Wh0> ca depend du shell
~04:11~ <mayhem> un shellcode local
~04:11~ <PrEs_Wh0> si cest un linux ou bien win98
~04:11~ <mayhem> linux
~04:13~ <PrEs_Wh0> bien windows tu va dans demarrez
~04:13~ <PrEs_Wh0> linux tu te connecte en telnet
~04:13~ <PrEs_Wh0> comme quand jai hacker le satellite de fox
~04:13~ <mayhem> mouarf
~04:13~ <mayhem> wyzeman , tu as logue jespere
~04:14~ <Wyzeman> ouais
~04:14~ <Wyzeman> jai tout
~04:14~ <mayhem> tu as la preuve que ce mr ne sait pas coder
~04:14~ <PrEs_Wh0> hahahah
~04:14~ <PrEs_Wh0> ecoute
~04:14~ <PrEs_Wh0> jai coder plein de chose en toolbook
~04:14~ <mayhem> ecoute
~04:14~ <PrEs_Wh0> tk....
~04:14~ <mayhem> est ce que tu sais au moins ce que cest
~04:14~ <mayhem> un shellcode
~04:14~ <PrEs_Wh0> je fais surement animer bientot a la radio...on va en parler...
~04:15~ <Wyzeman> ?
~04:15~ <mayhem> repond PrEs_Wh0
~04:15~ <mayhem> est ce que tu sais au moins ce que cest
~04:15~ <mayhem> un shellcode
~04:15~ <PrEs_Wh0> radioiga
~04:15~ <PrEs_Wh0> vous le savez que je le sais
~04:15~ <Wyzeman> a vrai dire
~04:15~ <mayhem> alors dis moi ce que cest
~04:15~ <PrEs_Wh0> jai pas hacker newstime pour rien la
~04:15~ <Wyzeman> jen ai aucune idee si tu le sais ou pas
~04:16~ <Doc-Green> bah c rien ca
~04:16~ <PrEs_Wh0> wyzeman tu est juste jaloux de mes capacit/
~04:16~ <mayhem> moi jai rien hacke du tout et pourtant je sais ce que cest un 
                 shellcode
~04:16~ <PrEs_Wh0> jai plein de shell sur leur satellite
~04:16~ <PrEs_Wh0> le pentagone je suis rentrer
~04:16~ <PrEs_Wh0> mais je suis resorti
~04:16~ <mayhem> chut
~04:17~ <mayhem> PrEs_Wh0: 
~04:17~ <mayhem> repond
~04:17~ <mayhem> qu'est ce quun shellcode
~04:17~ <PrEs_Wh0> tk...si vous voulez du bon stock....vous me le direz...250 du 
                   blond de val dor
~04:17~ <mayhem> wyzeman : jespere que tu logue toujours
~04:17~ <PrEs_Wh0> vous vous croyez fort....mais vous etes des lamers...et ca vous 
                   frustre que je sois avec 912 et quon sois meilleur que vous
~04:18~ <Wyzeman> oui je log toujours
~04:18~ <mayhem> car vu quil repond pas , ca veut tout dire
~04:18~ <mayhem> alors PrEs_Wh0
~04:18~ <mayhem> un petit probleme ?
~04:19~ <mayhem> tu demande a tout le monde autour de toi ce quest un shellcode et 
                 personne ne sait ?
~04:19~ <mayhem> a cest vraiment domage
~04:19~ *** Quits: PrEs_Wh0 (912 RULES.......je part coder un autre exploit contre le site de IGA)
~04:19~ <mayhem> tu viens de te ridiculiser devant tous le monde
~04:19~ <Wyzeman> hahahahhahaah
~04:19~ <Wyzeman> ** PrEs_Wh0 has quit IRC (912 RULES.......je part coder un autre exploit contre le site de IGA)
~04:19~ <Wyzeman> ca c la meilleur
